<?xml version="1.0" encoding="UTF-8"?>
<!-- Generated by org.testng.reporters.JUnitReportReporter -->
<testsuite hostname="DESKTOP-QJ91C3U" failures="0" tests="1" name="profileUpdate.NaukriProfileUpdate" time="23.044" errors="0" timestamp="2025-03-20T09:58:43 IST" skipped="0">
  <testcase classname="profileUpdate.NaukriProfileUpdate" name="TC_001_LoginToNaukri" time="23.044"/>
  <system-out/>
</testsuite> <!-- profileUpdate.NaukriProfileUpdate -->
